# JRE version: Java(TM) SE Runtime Environment (8.0_191-b12) (build 1.8.0_191-b12)
# Java VM: Java HotSpot(TM) 64-Bit Server VM (25.191-b12 mixed mode bsd-amd64 compressed oops)
Heap:
 PSYoungGen      total 284672K, used 8803K [0x0000000715580000, 0x0000000728080000, 0x00000007c0000000)
  eden space 263168K, 3% used [0x0000000715580000,0x0000000715e18c20,0x0000000725680000)
  from space 21504K, 0% used [0x0000000726b80000,0x0000000726b80000,0x0000000728080000)
  to   space 21504K, 0% used [0x0000000725680000,0x0000000725680000,0x0000000726b80000)
 ParOldGen       total 338432K, used 80565K [0x00000005c0000000, 0x00000005d4a80000, 0x0000000715580000)
  object space 338432K, 23% used [0x00000005c0000000,0x00000005c4ead438,0x00000005d4a80000)
 Metaspace       used 20504K, capacity 21248K, committed 21504K, reserved 1069056K
  class space    used 2104K, capacity 2289K, committed 2304K, reserved 1048576K
GC Heap History (10 events):
Event: 1.856 GC heap before
{Heap before GC invocations=1 (full 0):
 PSYoungGen      total 153088K, used 131584K [0x0000000715580000, 0x0000000720000000, 0x00000007c0000000)
  eden space 131584K, 100% used [0x0000000715580000,0x000000071d600000,0x000000071d600000)
  from space 21504K, 0% used [0x000000071eb00000,0x000000071eb00000,0x0000000720000000)
  to   space 21504K, 0% used [0x000000071d600000,0x000000071d600000,0x000000071eb00000)
 ParOldGen       total 349696K, used 0K [0x00000005c0000000, 0x00000005d5580000, 0x0000000715580000)
  object space 349696K, 0% used [0x00000005c0000000,0x00000005c0000000,0x00000005d5580000)
 Metaspace       used 17371K, capacity 17790K, committed 18176K, reserved 1064960K
  class space    used 1804K, capacity 1922K, committed 2048K, reserved 1048576K
Event: 1.874 GC heap after
Heap after GC invocations=1 (full 0):
 PSYoungGen      total 153088K, used 21475K [0x0000000715580000, 0x0000000720000000, 0x00000007c0000000)
  eden space 131584K, 0% used [0x0000000715580000,0x0000000715580000,0x000000071d600000)
  from space 21504K, 99% used [0x000000071d600000,0x000000071eaf8d68,0x000000071eb00000)
  to   space 21504K, 0% used [0x000000071eb00000,0x000000071eb00000,0x0000000720000000)
 ParOldGen       total 349696K, used 20557K [0x00000005c0000000, 0x00000005d5580000, 0x0000000715580000)
  object space 349696K, 5% used [0x00000005c0000000,0x00000005c14134c8,0x00000005d5580000)
 Metaspace       used 17371K, capacity 17790K, committed 18176K, reserved 1064960K
  class space    used 1804K, capacity 1922K, committed 2048K, reserved 1048576K
}
Event: 2.692 GC heap before
{Heap before GC invocations=2 (full 0):
 PSYoungGen      total 153088K, used 153059K [0x0000000715580000, 0x0000000720000000, 0x00000007c0000000)
  eden space 131584K, 100% used [0x0000000715580000,0x000000071d600000,0x000000071d600000)
  from space 21504K, 99% used [0x000000071d600000,0x000000071eaf8d68,0x000000071eb00000)
  to   space 21504K, 0% used [0x000000071eb00000,0x000000071eb00000,0x0000000720000000)
 ParOldGen       total 349696K, used 20557K [0x00000005c0000000, 0x00000005d5580000, 0x0000000715580000)
  object space 349696K, 5% used [0x00000005c0000000,0x00000005c14134c8,0x00000005d5580000)
 Metaspace       used 19271K, capacity 19788K, committed 19840K, reserved 1067008K
  class space    used 1973K, capacity 2129K, committed 2176K, reserved 1048576K
Event: 2.718 GC heap after
Heap after GC invocations=2 (full 0):
 PSYoungGen      total 153088K, used 21488K [0x0000000715580000, 0x0000000728080000, 0x00000007c0000000)
  eden space 131584K, 0% used [0x0000000715580000,0x0000000715580000,0x000000071d600000)
  from space 21504K, 99% used [0x000000071eb00000,0x000000071fffc040,0x0000000720000000)
  to   space 21504K, 0% used [0x000000071d600000,0x000000071d600000,0x000000071eb00000)
 ParOldGen       total 349696K, used 62284K [0x00000005c0000000, 0x00000005d5580000, 0x0000000715580000)
  object space 349696K, 17% used [0x00000005c0000000,0x00000005c3cd3058,0x00000005d5580000)
 Metaspace       used 19271K, capacity 19788K, committed 19840K, reserved 1067008K
  class space    used 1973K, capacity 2129K, committed 2176K, reserved 1048576K
}
Event: 4.769 GC heap before
{Heap before GC invocations=3 (full 0):
 PSYoungGen      total 153088K, used 153072K [0x0000000715580000, 0x0000000728080000, 0x00000007c0000000)
  eden space 131584K, 100% used [0x0000000715580000,0x000000071d600000,0x000000071d600000)
  from space 21504K, 99% used [0x000000071eb00000,0x000000071fffc040,0x0000000720000000)
  to   space 21504K, 0% used [0x000000071d600000,0x000000071d600000,0x000000071eb00000)
 ParOldGen       total 349696K, used 62284K [0x00000005c0000000, 0x00000005d5580000, 0x0000000715580000)
  object space 349696K, 17% used [0x00000005c0000000,0x00000005c3cd3058,0x00000005d5580000)
 Metaspace       used 20375K, capacity 21098K, committed 21248K, reserved 1069056K
  class space    used 2100K, capacity 2284K, committed 2304K, reserved 1048576K
Event: 4.780 GC heap after
Heap after GC invocations=3 (full 0):
 PSYoungGen      total 153088K, used 21491K [0x0000000715580000, 0x0000000728080000, 0x00000007c0000000)
  eden space 131584K, 0% used [0x0000000715580000,0x0000000715580000,0x000000071d600000)
  from space 21504K, 99% used [0x000000071d600000,0x000000071eafcd78,0x000000071eb00000)
  to   space 21504K, 0% used [0x0000000726b80000,0x0000000726b80000,0x0000000728080000)
 ParOldGen       total 349696K, used 62730K [0x00000005c0000000, 0x00000005d5580000, 0x0000000715580000)
  object space 349696K, 17% used [0x00000005c0000000,0x00000005c3d42828,0x00000005d5580000)
 Metaspace       used 20375K, capacity 21098K, committed 21248K, reserved 1069056K
  class space    used 2100K, capacity 2284K, committed 2304K, reserved 1048576K
}
Event: 6.368 GC heap before
{Heap before GC invocations=4 (full 0):
 PSYoungGen      total 153088K, used 125087K [0x0000000715580000, 0x0000000728080000, 0x00000007c0000000)
  eden space 131584K, 78% used [0x0000000715580000,0x000000071baaafe0,0x000000071d600000)
  from space 21504K, 99% used [0x000000071d600000,0x000000071eafcd78,0x000000071eb00000)
  to   space 21504K, 0% used [0x0000000726b80000,0x0000000726b80000,0x0000000728080000)
 ParOldGen       total 349696K, used 62730K [0x00000005c0000000, 0x00000005d5580000, 0x0000000715580000)
  object space 349696K, 17% used [0x00000005c0000000,0x00000005c3d42828,0x00000005d5580000)
 Metaspace       used 20492K, capacity 21184K, committed 21248K, reserved 1069056K
  class space    used 2104K, capacity 2289K, committed 2304K, reserved 1048576K
Event: 6.380 GC heap after
Heap after GC invocations=4 (full 0):
 PSYoungGen      total 284672K, used 21475K [0x0000000715580000, 0x0000000728080000, 0x00000007c0000000)
  eden space 263168K, 0% used [0x0000000715580000,0x0000000715580000,0x0000000725680000)
  from space 21504K, 99% used [0x0000000726b80000,0x0000000728078d68,0x0000000728080000)
  to   space 21504K, 0% used [0x0000000725680000,0x0000000725680000,0x0000000726b80000)
 ParOldGen       total 349696K, used 62802K [0x00000005c0000000, 0x00000005d5580000, 0x0000000715580000)
  object space 349696K, 17% used [0x00000005c0000000,0x00000005c3d54828,0x00000005d5580000)
 Metaspace       used 20492K, capacity 21184K, committed 21248K, reserved 1069056K
  class space    used 2104K, capacity 2289K, committed 2304K, reserved 1048576K
}
Event: 6.380 GC heap before
{Heap before GC invocations=5 (full 1):
 PSYoungGen      total 284672K, used 21475K [0x0000000715580000, 0x0000000728080000, 0x00000007c0000000)
  eden space 263168K, 0% used [0x0000000715580000,0x0000000715580000,0x0000000725680000)
  from space 21504K, 99% used [0x0000000726b80000,0x0000000728078d68,0x0000000728080000)
  to   space 21504K, 0% used [0x0000000725680000,0x0000000725680000,0x0000000726b80000)
 ParOldGen       total 349696K, used 62802K [0x00000005c0000000, 0x00000005d5580000, 0x0000000715580000)
  object space 349696K, 17% used [0x00000005c0000000,0x00000005c3d54828,0x00000005d5580000)
 Metaspace       used 20492K, capacity 21184K, committed 21248K, reserved 1069056K
  class space    used 2104K, capacity 2289K, committed 2304K, reserved 1048576K
Event: 6.493 GC heap after
Heap after GC invocations=5 (full 1):
 PSYoungGen      total 284672K, used 0K [0x0000000715580000, 0x0000000728080000, 0x00000007c0000000)
  eden space 263168K, 0% used [0x0000000715580000,0x0000000715580000,0x0000000725680000)
  from space 21504K, 0% used [0x0000000726b80000,0x0000000726b80000,0x0000000728080000)
  to   space 21504K, 0% used [0x0000000725680000,0x0000000725680000,0x0000000726b80000)
 ParOldGen       total 338432K, used 80565K [0x00000005c0000000, 0x00000005d4a80000, 0x0000000715580000)
  object space 338432K, 23% used [0x00000005c0000000,0x00000005c4ead438,0x00000005d4a80000)
 Metaspace       used 20492K, capacity 21184K, committed 21248K, reserved 1069056K
  class space    used 2104K, capacity 2289K, committed 2304K, reserved 1048576K
}

