# JRE version: Java(TM) SE Runtime Environment (8.0_191-b12) (build 1.8.0_191-b12)
# Java VM: Java HotSpot(TM) 64-Bit Server VM (25.191-b12 mixed mode bsd-amd64 compressed oops)
Heap:
 PSYoungGen      total 153088K, used 25341K [0x0000000715580000, 0x0000000728080000, 0x00000007c0000000)
  eden space 131584K, 2% used [0x0000000715580000,0x0000000715943620,0x000000071d600000)
  from space 21504K, 99% used [0x000000071d600000,0x000000071eafc040,0x000000071eb00000)
  to   space 21504K, 0% used [0x0000000726b80000,0x0000000726b80000,0x0000000728080000)
 ParOldGen       total 349696K, used 62726K [0x00000005c0000000, 0x00000005d5580000, 0x0000000715580000)
  object space 349696K, 17% used [0x00000005c0000000,0x00000005c3d41938,0x00000005d5580000)
 Metaspace       used 20418K, capacity 21112K, committed 21248K, reserved 1069056K
  class space    used 2105K, capacity 2289K, committed 2304K, reserved 1048576K
GC Heap History (6 events):
Event: 1.806 GC heap before
{Heap before GC invocations=1 (full 0):
 PSYoungGen      total 153088K, used 131584K [0x0000000715580000, 0x0000000720000000, 0x00000007c0000000)
  eden space 131584K, 100% used [0x0000000715580000,0x000000071d600000,0x000000071d600000)
  from space 21504K, 0% used [0x000000071eb00000,0x000000071eb00000,0x0000000720000000)
  to   space 21504K, 0% used [0x000000071d600000,0x000000071d600000,0x000000071eb00000)
 ParOldGen       total 349696K, used 0K [0x00000005c0000000, 0x00000005d5580000, 0x0000000715580000)
  object space 349696K, 0% used [0x00000005c0000000,0x00000005c0000000,0x00000005d5580000)
 Metaspace       used 17370K, capacity 17726K, committed 18176K, reserved 1064960K
  class space    used 1805K, capacity 1922K, committed 2048K, reserved 1048576K
Event: 1.823 GC heap after
Heap after GC invocations=1 (full 0):
 PSYoungGen      total 153088K, used 21472K [0x0000000715580000, 0x0000000720000000, 0x00000007c0000000)
  eden space 131584K, 0% used [0x0000000715580000,0x0000000715580000,0x000000071d600000)
  from space 21504K, 99% used [0x000000071d600000,0x000000071eaf8010,0x000000071eb00000)
  to   space 21504K, 0% used [0x000000071eb00000,0x000000071eb00000,0x0000000720000000)
 ParOldGen       total 349696K, used 20438K [0x00000005c0000000, 0x00000005d5580000, 0x0000000715580000)
  object space 349696K, 5% used [0x00000005c0000000,0x00000005c13f5890,0x00000005d5580000)
 Metaspace       used 17370K, capacity 17726K, committed 18176K, reserved 1064960K
  class space    used 1805K, capacity 1922K, committed 2048K, reserved 1048576K
}
Event: 2.768 GC heap before
{Heap before GC invocations=2 (full 0):
 PSYoungGen      total 153088K, used 153056K [0x0000000715580000, 0x0000000720000000, 0x00000007c0000000)
  eden space 131584K, 100% used [0x0000000715580000,0x000000071d600000,0x000000071d600000)
  from space 21504K, 99% used [0x000000071d600000,0x000000071eaf8010,0x000000071eb00000)
  to   space 21504K, 0% used [0x000000071eb00000,0x000000071eb00000,0x0000000720000000)
 ParOldGen       total 349696K, used 20438K [0x00000005c0000000, 0x00000005d5580000, 0x0000000715580000)
  object space 349696K, 5% used [0x00000005c0000000,0x00000005c13f5890,0x00000005d5580000)
 Metaspace       used 19495K, capacity 20084K, committed 20096K, reserved 1067008K
  class space    used 1998K, capacity 2165K, committed 2176K, reserved 1048576K
Event: 2.793 GC heap after
Heap after GC invocations=2 (full 0):
 PSYoungGen      total 153088K, used 21488K [0x0000000715580000, 0x0000000728080000, 0x00000007c0000000)
  eden space 131584K, 0% used [0x0000000715580000,0x0000000715580000,0x000000071d600000)
  from space 21504K, 99% used [0x000000071eb00000,0x000000071fffc040,0x0000000720000000)
  to   space 21504K, 0% used [0x000000071d600000,0x000000071d600000,0x000000071eb00000)
 ParOldGen       total 349696K, used 62312K [0x00000005c0000000, 0x00000005d5580000, 0x0000000715580000)
  object space 349696K, 17% used [0x00000005c0000000,0x00000005c3cda168,0x00000005d5580000)
 Metaspace       used 19495K, capacity 20084K, committed 20096K, reserved 1067008K
  class space    used 1998K, capacity 2165K, committed 2176K, reserved 1048576K
}
Event: 4.515 GC heap before
{Heap before GC invocations=3 (full 0):
 PSYoungGen      total 153088K, used 153072K [0x0000000715580000, 0x0000000728080000, 0x00000007c0000000)
  eden space 131584K, 100% used [0x0000000715580000,0x000000071d600000,0x000000071d600000)
  from space 21504K, 99% used [0x000000071eb00000,0x000000071fffc040,0x0000000720000000)
  to   space 21504K, 0% used [0x000000071d600000,0x000000071d600000,0x000000071eb00000)
 ParOldGen       total 349696K, used 62312K [0x00000005c0000000, 0x00000005d5580000, 0x0000000715580000)
  object space 349696K, 17% used [0x00000005c0000000,0x00000005c3cda168,0x00000005d5580000)
 Metaspace       used 20412K, capacity 21112K, committed 21248K, reserved 1069056K
  class space    used 2105K, capacity 2289K, committed 2304K, reserved 1048576K
Event: 4.525 GC heap after
Heap after GC invocations=3 (full 0):
 PSYoungGen      total 153088K, used 21488K [0x0000000715580000, 0x0000000728080000, 0x00000007c0000000)
  eden space 131584K, 0% used [0x0000000715580000,0x0000000715580000,0x000000071d600000)
  from space 21504K, 99% used [0x000000071d600000,0x000000071eafc040,0x000000071eb00000)
  to   space 21504K, 0% used [0x0000000726b80000,0x0000000726b80000,0x0000000728080000)
 ParOldGen       total 349696K, used 62726K [0x00000005c0000000, 0x00000005d5580000, 0x0000000715580000)
  object space 349696K, 17% used [0x00000005c0000000,0x00000005c3d41938,0x00000005d5580000)
 Metaspace       used 20412K, capacity 21112K, committed 21248K, reserved 1069056K
  class space    used 2105K, capacity 2289K, committed 2304K, reserved 1048576K
}

